#
# A fatal error has been detected by the Java Runtime Environment:
#
#  EXCEPTION_ACCESS_VIOLATION (0xc0000005) at pc=0x00007ffb1709c6f5, pid=13792, tid=12808
#
# JRE version: Java(TM) SE Runtime Environment 18.9 (11.0.10+8) (build 11.0.10+8-LTS-162)
# Java VM: Java HotSpot(TM) 64-Bit Server VM 18.9 (11.0.10+8-LTS-162, mixed mode, tiered, compressed oops, g1 gc, windows-amd64)
# Problematic frame:
# V  [jvm.dll+0x1ec6f5]
#
# No core dump will be written. Minidumps are not enabled by default on client versions of Windows
#
# If you would like to submit a bug report, please visit:
#   https://bugreport.java.com/bugreport/crash.jsp
#

---------------  S U M M A R Y ------------

Command Line: --add-opens=java.base/java.util=ALL-UNNAMED --add-opens=java.base/java.lang=ALL-UNNAMED --add-opens=java.base/java.lang.invoke=ALL-UNNAMED --add-opens=java.prefs/java.util.prefs=ALL-UNNAMED -Xmx2048m -Dfile.encoding=windows-1252 -Duser.country=BR -Duser.language=pt -Duser.variant org.gradle.launcher.daemon.bootstrap.GradleDaemon 6.1.1

Host: Intel(R) Core(TM) i7-7700 CPU @ 3.60GHz, 8 cores, 7G,  Windows 10 , 64 bit Build 19041 (10.0.19041.804)
Time: Sat Mar 20 23:20:32 2021 Hora oficial do Brasil elapsed time: 11.222157 seconds (0d 0h 0m 11s)

---------------  T H R E A D  ---------------

Current thread (0x0000022f38f00800):  ConcurrentGCThread "G1 Conc#1" [stack: 0x0000007725a00000,0x0000007725b00000] [id=12808]

Stack: [0x0000007725a00000,0x0000007725b00000],  sp=0x0000007725aff570,  free space=1021k
Native frames: (J=compiled Java code, j=interpreted, Vv=VM code, C=native code)
V  [jvm.dll+0x1ec6f5]
V  [jvm.dll+0x1ec5d2]
V  [jvm.dll+0x1eac7d]
V  [jvm.dll+0x1ea351]
V  [jvm.dll+0x2e200e]
V  [jvm.dll+0x2de63b]
V  [jvm.dll+0x2e00bc]
V  [jvm.dll+0x2df02e]
V  [jvm.dll+0x2e2a76]
V  [jvm.dll+0x778c90]
V  [jvm.dll+0x70c314]
V  [jvm.dll+0x613036]
C  [ucrtbase.dll+0x21bb2]
C  [KERNEL32.DLL+0x17034]
C  [ntdll.dll+0x52651]


siginfo: EXCEPTION_ACCESS_VIOLATION (0xc0000005), reading address 0x0000000000000160


Register to memory mapping:

RIP=0x00007ffb1709c6f5 jvm.dll
RAX=0x0000022f175a1c80 points into unknown readable memory: 00 00 00 00 00 00 00 00
RBX=0x0000022f175c7c20 points into unknown readable memory: 60 fa 6f 17 fb 7f 00 00
RCX=0x0000000000000014 is an unknown value
RDX=0x0 is NULL
RSP=0x0000007725aff570 points into unknown readable memory: 00 00 00 00 00 00 00 00
RBP=0x0 is NULL
RSI=0x0000000084307b10 is an oop: org.gradle.api.internal.attributes.DefaultImmutableAttributes 
{0x0000000084307b10} - klass: 'org/gradle/api/internal/attributes/DefaultImmutableAttributes'
RDI=0x0000000020000000 is an unknown value
R8 =0x0000000020000000 is an unknown value
R9 =0x0 is NULL
R10=0x0 is NULL
R11=0x346dc5d63886594b is an unknown value
R12=0x0 is NULL
R13=0x0 is NULL
R14=0x0000022f175b9680 points into unknown readable memory: 00 00 00 80 00 00 00 00
R15=0x0000022f175b9630 points into unknown readable memory: 00 20 5c 17 2f 02 00 00


Registers:
RAX=0x0000022f175a1c80, RBX=0x0000022f175c7c20, RCX=0x0000000000000014, RDX=0x0000000000000000
RSP=0x0000007725aff570, RBP=0x0000000000000000, RSI=0x0000000084307b10, RDI=0x0000000020000000
R8 =0x0000000020000000, R9 =0x0000000000000000, R10=0x0000000000000000, R11=0x346dc5d63886594b
R12=0x0000000000000000, R13=0x0000000000000000, R14=0x0000022f175b9680, R15=0x0000022f175b9630
RIP=0x00007ffb1709c6f5, EFLAGS=0x0000000000010206

Top of Stack: (sp=0x0000007725aff570)
0x0000007725aff570:   0000000000000000 00000000001a39de
0x0000007725aff580:   0000000084307ac0 0000022f175c7d60
0x0000007725aff590:   0000022f37730001 0000022f175c7d60
0x0000007725aff5a0:   0000000020000000 00007ffb1709c5d2
0x0000007725aff5b0:   0000022f175c7c20 0000000084307b10
0x0000007725aff5c0:   0000022f175b9680 0000007725aff748
0x0000007725aff5d0:   0000007725aff748 00007ffb1709ac7d
0x0000007725aff5e0:   0000000000000007 0000000084307af4
0x0000007725aff5f0:   0000022f37730001 0000022f175b9680
0x0000007725aff600:   0000000100013f08 00007ffb1709a351
0x0000007725aff610:   0000000000000007 0000000084307ad8
0x0000007725aff620:   0000000084307ac0 0000000000000000
0x0000007725aff630:   0000022f175c7c20 00007ffb1719200e
0x0000007725aff640:   0000000084307ad8 0000007725aff700
0x0000007725aff650:   0000007725aff700 00007ffb174bdc1c
0x0000007725aff660:   0000000000880000 00007ffb1718e63b 

Instructions: (pc=0x00007ffb1709c6f5)
0x00007ffb1709c6d5:   4d 8b d0 44 8b e2 49 8b e9 49 8b f8 8b 88 c0 02
0x00007ffb1709c6e5:   00 00 48 8b 80 b0 02 00 00 49 d3 ea 4e 8b 14 d0
0x00007ffb1709c6f5:   4d 3b 82 60 01 00 00 72 11 32 c0 48 8b 6c 24 58
0x00007ffb1709c705:   48 83 c4 20 41 5f 41 5c 5f c3 49 8b 87 90 00 00 


Stack slot to memory mapping:
stack at sp + 0 slots: 0x0 is NULL
stack at sp + 1 slots: 0x00000000001a39de is an unknown value
stack at sp + 2 slots: 0x0000000084307ac0 is an oop: java.util.ArrayList 
{0x0000000084307ac0} - klass: 'java/util/ArrayList'
stack at sp + 3 slots: 0x0000022f175c7d60 points into unknown readable memory: e0 67 74 17 fb 7f 00 00
stack at sp + 4 slots: 0x0000022f37730001 points into unknown readable memory: 00 50 00 61 00 63 00
stack at sp + 5 slots: 0x0000022f175c7d60 points into unknown readable memory: e0 67 74 17 fb 7f 00 00
stack at sp + 6 slots: 0x0000000020000000 is an unknown value
stack at sp + 7 slots: 0x00007ffb1709c5d2 jvm.dll


---------------  P R O C E S S  ---------------

Threads class SMR info:
_java_thread_list=0x0000022f41971c80, length=50, elements={
0x0000022f1757b000, 0x0000022f363c6000, 0x0000022f36bd0800, 0x0000022f36c28800,
0x0000022f36c2b800, 0x0000022f36c2e800, 0x0000022f36c30000, 0x0000022f36c31000,
0x0000022f36da9800, 0x0000022f36de2800, 0x0000022f38685000, 0x0000022f38700800,
0x0000022f36fcd000, 0x0000022f38650000, 0x0000022f37975800, 0x0000022f38d3a000,
0x0000022f380d3000, 0x0000022f38007800, 0x0000022f39094800, 0x0000022f381fd800,
0x0000022f3877a000, 0x0000022f38778800, 0x0000022f38777800, 0x0000022f38779000,
0x0000022f38774800, 0x0000022f38775000, 0x0000022f3877b000, 0x0000022f38776000,
0x0000022f3c543800, 0x0000022f3c547000, 0x0000022f3c542000, 0x0000022f3c544800,
0x0000022f3c546000, 0x0000022f3c548800, 0x0000022f3c545000, 0x0000022f3c542800,
0x0000022f3c54b800, 0x0000022f3ae6d000, 0x0000022f3c54d800, 0x0000022f3c54c800,
0x0000022f3c549000, 0x0000022f3c5dc800, 0x0000022f3c550000, 0x0000022f3c54b000,
0x0000022f3c54e000, 0x0000022f3c54f000, 0x0000022f3c550800, 0x0000022f38d43000,
0x0000022f38d48800, 0x0000022f38d49800
}

Java Threads: ( => current thread )
  0x0000022f1757b000 JavaThread "main" [_thread_blocked, id=11320, stack(0x0000007723500000,0x0000007723600000)]
  0x0000022f363c6000 JavaThread "Reference Handler" daemon [_thread_blocked, id=2516, stack(0x0000007723c00000,0x0000007723d00000)]
  0x0000022f36bd0800 JavaThread "Finalizer" daemon [_thread_blocked, id=10236, stack(0x0000007723d00000,0x0000007723e00000)]
  0x0000022f36c28800 JavaThread "Signal Dispatcher" daemon [_thread_blocked, id=2728, stack(0x0000007723e00000,0x0000007723f00000)]
  0x0000022f36c2b800 JavaThread "Attach Listener" daemon [_thread_blocked, id=13672, stack(0x0000007723f00000,0x0000007724000000)]
  0x0000022f36c2e800 JavaThread "C2 CompilerThread0" daemon [_thread_in_native, id=7668, stack(0x0000007724000000,0x0000007724100000)]
  0x0000022f36c30000 JavaThread "C1 CompilerThread0" daemon [_thread_blocked, id=7576, stack(0x0000007724100000,0x0000007724200000)]
  0x0000022f36c31000 JavaThread "Sweeper thread" daemon [_thread_blocked, id=14236, stack(0x0000007724200000,0x0000007724300000)]
  0x0000022f36da9800 JavaThread "Common-Cleaner" daemon [_thread_blocked, id=13808, stack(0x0000007724300000,0x0000007724400000)]
  0x0000022f36de2800 JavaThread "Service Thread" daemon [_thread_blocked, id=4680, stack(0x0000007724400000,0x0000007724500000)]
  0x0000022f38685000 JavaThread "Daemon health stats" [_thread_blocked, id=12208, stack(0x0000007724900000,0x0000007724a00000)]
  0x0000022f38700800 JavaThread "Incoming local TCP Connector on port 59868" [_thread_in_native, id=12784, stack(0x0000007724600000,0x0000007724700000)]
  0x0000022f36fcd000 JavaThread "Daemon periodic checks" [_thread_blocked, id=3920, stack(0x0000007724a00000,0x0000007724b00000)]
  0x0000022f38650000 JavaThread "Daemon" [_thread_blocked, id=11408, stack(0x0000007724b00000,0x0000007724c00000)]
  0x0000022f37975800 JavaThread "Handler for socket connection from /127.0.0.1:59868 to /127.0.0.1:59869" [_thread_in_native, id=7992, stack(0x0000007724c00000,0x0000007724d00000)]
  0x0000022f38d3a000 JavaThread "Cancel handler" [_thread_blocked, id=13012, stack(0x0000007724d00000,0x0000007724e00000)]
  0x0000022f380d3000 JavaThread "Daemon worker" [_thread_blocked, id=12828, stack(0x0000007724e00000,0x0000007724f00000)]
  0x0000022f38007800 JavaThread "Asynchronous log dispatcher for DefaultDaemonConnection: socket connection from /127.0.0.1:59868 to /127.0.0.1:59869" [_thread_blocked, id=14020, stack(0x0000007724f00000,0x0000007725000000)]
  0x0000022f39094800 JavaThread "Stdin handler" [_thread_blocked, id=12536, stack(0x0000007725000000,0x0000007725100000)]
  0x0000022f381fd800 JavaThread "Thread-8" [_thread_blocked, id=6576, stack(0x0000007725100000,0x0000007725200000)]
  0x0000022f3877a000 JavaThread "Cache worker for journal cache (C:\Users\Jessica\.gradle\caches\journal-1)" [_thread_blocked, id=9404, stack(0x0000007725200000,0x0000007725300000)]
  0x0000022f38778800 JavaThread "File lock request listener" [_thread_in_native, id=12748, stack(0x0000007725800000,0x0000007725900000)]
  0x0000022f38777800 JavaThread "Cache worker for file hash cache (C:\Users\Jessica\.gradle\caches\6.1.1\fileHashes)" [_thread_blocked, id=12344, stack(0x0000007725900000,0x0000007725a00000)]
  0x0000022f38779000 JavaThread "Cache worker for checksums cache (C:\Users\Jessica\IdeaProjects\MinhasTarefas\.gradle\checksums)" [_thread_blocked, id=11272, stack(0x0000007725c00000,0x0000007725d00000)]
  0x0000022f38774800 JavaThread "Cache worker for file hash cache (C:\Users\Jessica\IdeaProjects\MinhasTarefas\.gradle\6.1.1\fileHashes)" [_thread_blocked, id=6984, stack(0x0000007725d00000,0x0000007725e00000)]
  0x0000022f38775000 JavaThread "Cache worker for cache directory md-supplier (C:\Users\Jessica\.gradle\caches\6.1.1\md-supplier)" [_thread_blocked, id=11972, stack(0x0000007725e00000,0x0000007725f00000)]
  0x0000022f3877b000 JavaThread "Cache worker for cache directory md-rule (C:\Users\Jessica\.gradle\caches\6.1.1\md-rule)" [_thread_blocked, id=14156, stack(0x0000007725f00000,0x0000007726000000)]
  0x0000022f38776000 JavaThread "Cache worker for execution history cache (C:\Users\Jessica\.gradle\caches\6.1.1\executionHistory)" [_thread_blocked, id=9004, stack(0x0000007726000000,0x0000007726100000)]
  0x0000022f3c543800 JavaThread "Build operations" [_thread_blocked, id=1324, stack(0x0000007726200000,0x0000007726300000)]
  0x0000022f3c547000 JavaThread "Build operations Thread 2" [_thread_blocked, id=14052, stack(0x0000007726300000,0x0000007726400000)]
  0x0000022f3c542000 JavaThread "Build operations Thread 3" [_thread_blocked, id=11964, stack(0x0000007726400000,0x0000007726500000)]
  0x0000022f3c544800 JavaThread "Build operations Thread 4" [_thread_blocked, id=7524, stack(0x0000007726500000,0x0000007726600000)]
  0x0000022f3c546000 JavaThread "Build operations Thread 5" [_thread_blocked, id=13916, stack(0x0000007726600000,0x0000007726700000)]
  0x0000022f3c548800 JavaThread "Build operations Thread 6" [_thread_blocked, id=9116, stack(0x0000007726700000,0x0000007726800000)]
  0x0000022f3c545000 JavaThread "Build operations Thread 7" [_thread_blocked, id=2196, stack(0x0000007726800000,0x0000007726900000)]
  0x0000022f3c542800 JavaThread "Build operations Thread 8" [_thread_blocked, id=4476, stack(0x0000007726900000,0x0000007726a00000)]
  0x0000022f3c54b800 JavaThread "Cache worker for Build Output Cleanup Cache (C:\Users\Jessica\IdeaProjects\MinhasTarefas\.gradle\buildOutputCleanup)" [_thread_blocked, id=13444, stack(0x0000007725b00000,0x0000007725c00000)]
  0x0000022f3ae6d000 JavaThread "C2 CompilerThread1" daemon [_thread_in_native, id=12956, stack(0x0000007726100000,0x0000007726200000)]
  0x0000022f3c54d800 JavaThread "Memory manager" [_thread_blocked, id=10112, stack(0x0000007726b00000,0x0000007726c00000)]
  0x0000022f3c54c800 JavaThread "Cache worker for file content cache (C:\Users\Jessica\.gradle\caches\6.1.1\fileContent)" [_thread_blocked, id=5864, stack(0x0000007726c00000,0x0000007726d00000)]
  0x0000022f3c549000 JavaThread "Cache worker for file content cache (C:\Users\Jessica\IdeaProjects\MinhasTarefas\.gradle\6.1.1\fileContent)" [_thread_blocked, id=8416, stack(0x0000007726d00000,0x0000007726e00000)]
  0x0000022f3c5dc800 JavaThread "C2 CompilerThread2" daemon [_thread_in_native, id=12328, stack(0x0000007726a00000,0x0000007726b00000)]
  0x0000022f3c550000 JavaThread "Execution worker for ':'" [_thread_blocked, id=7824, stack(0x0000007726e00000,0x0000007726f00000)]
  0x0000022f3c54b000 JavaThread "Execution worker for ':' Thread 2" [_thread_blocked, id=4060, stack(0x0000007726f00000,0x0000007727000000)]
  0x0000022f3c54e000 JavaThread "Execution worker for ':' Thread 3" [_thread_blocked, id=11784, stack(0x0000007727000000,0x0000007727100000)]
  0x0000022f3c54f000 JavaThread "Execution worker for ':' Thread 4" [_thread_blocked, id=13308, stack(0x0000007727100000,0x0000007727200000)]
  0x0000022f3c550800 JavaThread "Execution worker for ':' Thread 5" [_thread_blocked, id=12316, stack(0x0000007727200000,0x0000007727300000)]
  0x0000022f38d43000 JavaThread "Execution worker for ':' Thread 6" [_thread_blocked, id=2436, stack(0x0000007727300000,0x0000007727400000)]
  0x0000022f38d48800 JavaThread "Execution worker for ':' Thread 7" [_thread_blocked, id=2900, stack(0x0000007727400000,0x0000007727500000)]
  0x0000022f38d49800 JavaThread "Cache worker for execution history cache (C:\Users\Jessica\IdeaProjects\MinhasTarefas\.gradle\6.1.1\executionHistory)" [_thread_blocked, id=14280, stack(0x0000007727500000,0x0000007727600000)]

Other Threads:
  0x0000022f363c4800 VMThread "VM Thread" [stack: 0x0000007723b00000,0x0000007723c00000] [id=12800]
  0x0000022f36de6000 WatcherThread [stack: 0x0000007724500000,0x0000007724600000] [id=4012]
  0x0000022f17590000 GCTaskThread "GC Thread#0" [stack: 0x0000007723600000,0x0000007723700000] [id=6120]
  0x0000022f37d3d000 GCTaskThread "GC Thread#1" [stack: 0x0000007724700000,0x0000007724800000] [id=9292]
  0x0000022f37d3e000 GCTaskThread "GC Thread#2" [stack: 0x0000007724800000,0x0000007724900000] [id=3016]
  0x0000022f38843800 GCTaskThread "GC Thread#3" [stack: 0x0000007725300000,0x0000007725400000] [id=10136]
  0x0000022f37fc8800 GCTaskThread "GC Thread#4" [stack: 0x0000007725400000,0x0000007725500000] [id=12428]
  0x0000022f37cee000 GCTaskThread "GC Thread#5" [stack: 0x0000007725500000,0x0000007725600000] [id=12680]
  0x0000022f382ff000 GCTaskThread "GC Thread#6" [stack: 0x0000007725600000,0x0000007725700000] [id=12824]
  0x0000022f383de000 GCTaskThread "GC Thread#7" [stack: 0x0000007725700000,0x0000007725800000] [id=12944]
  0x0000022f175c2000 ConcurrentGCThread "G1 Main Marker" [stack: 0x0000007723700000,0x0000007723800000] [id=12568]
  0x0000022f175c4800 ConcurrentGCThread "G1 Conc#0" [stack: 0x0000007723800000,0x0000007723900000] [id=5200]
=>0x0000022f38f00800 ConcurrentGCThread "G1 Conc#1" [stack: 0x0000007725a00000,0x0000007725b00000] [id=12808]
  0x0000022f1765e000 ConcurrentGCThread "G1 Refine#0" [stack: 0x0000007723900000,0x0000007723a00000] [id=11284]
  0x0000022f3620f800 ConcurrentGCThread "G1 Young RemSet Sampling" [stack: 0x0000007723a00000,0x0000007723b00000] [id=14328]

Threads with active compile tasks:
C2 CompilerThread0  11301 8043   !   4       org.gradle.internal.serialize.kryo.KryoBackedDecoder::readByte (15 bytes)
C2 CompilerThread1  11303 7947   !   4       com.google.common.collect.MapMakerInternalMap$Segment::put (298 bytes)
C2 CompilerThread2  11303 8063   !   4       org.gradle.internal.serialize.kryo.KryoBackedDecoder::readNullableString (15 bytes)

VM state:not at safepoint (normal execution)

VM Mutex/Monitor currently owned by a thread: None

Heap address: 0x0000000080000000, size: 2048 MB, Compressed Oops mode: 32-bit
Narrow klass base: 0x0000000000000000, Narrow klass shift: 3
Compressed class space size: 1073741824 Address: 0x0000000100000000

Heap:
 garbage-first heap   total 131072K, used 93525K [0x0000000080000000, 0x0000000100000000)
  region size 1024K, 22 young (22528K), 3 survivors (3072K)
 Metaspace       used 73126K, capacity 75025K, committed 75164K, reserved 1114112K
  class space    used 9485K, capacity 10135K, committed 10220K, reserved 1048576K
Heap Regions: E=young(eden), S=young(survivor), O=old, HS=humongous(starts), HC=humongous(continues), CS=collection set, F=free, A=archive, TAMS=top-at-mark-start (previous, next)
|   0|0x0000000080000000, 0x0000000080100000, 0x0000000080100000|100%| O|  |TAMS 0x0000000080100000, 0x0000000080100000| Untracked 
|   1|0x0000000080100000, 0x0000000080200000, 0x0000000080200000|100%| O|  |TAMS 0x0000000080200000, 0x0000000080200000| Untracked 
|   2|0x0000000080200000, 0x0000000080300000, 0x0000000080300000|100%| O|  |TAMS 0x0000000080300000, 0x0000000080300000| Untracked 
|   3|0x0000000080300000, 0x0000000080400000, 0x0000000080400000|100%|HS|  |TAMS 0x0000000080400000, 0x0000000080400000| Complete 
|   4|0x0000000080400000, 0x0000000080500000, 0x0000000080500000|100%|HC|  |TAMS 0x0000000080500000, 0x0000000080500000| Complete 
|   5|0x0000000080500000, 0x0000000080600000, 0x0000000080600000|100%|HC|  |TAMS 0x0000000080600000, 0x0000000080600000| Complete 
|   6|0x0000000080600000, 0x0000000080700000, 0x0000000080700000|100%| O|  |TAMS 0x0000000080700000, 0x0000000080700000| Untracked 
|   7|0x0000000080700000, 0x0000000080800000, 0x0000000080800000|100%| O|  |TAMS 0x0000000080800000, 0x0000000080800000| Untracked 
|   8|0x0000000080800000, 0x0000000080900000, 0x0000000080900000|100%| O|  |TAMS 0x0000000080900000, 0x0000000080900000| Untracked 
|   9|0x0000000080900000, 0x0000000080a00000, 0x0000000080a00000|100%| O|  |TAMS 0x0000000080a00000, 0x0000000080a00000| Untracked 
|  10|0x0000000080a00000, 0x0000000080b00000, 0x0000000080b00000|100%| O|  |TAMS 0x0000000080b00000, 0x0000000080b00000| Untracked 
|  11|0x0000000080b00000, 0x0000000080c00000, 0x0000000080c00000|100%| O|  |TAMS 0x0000000080c00000, 0x0000000080c00000| Untracked 
|  12|0x0000000080c00000, 0x0000000080d00000, 0x0000000080d00000|100%| O|  |TAMS 0x0000000080d00000, 0x0000000080d00000| Untracked 
|  13|0x0000000080d00000, 0x0000000080e00000, 0x0000000080e00000|100%| O|  |TAMS 0x0000000080e00000, 0x0000000080e00000| Untracked 
|  14|0x0000000080e00000, 0x0000000080f00000, 0x0000000080f00000|100%| O|  |TAMS 0x0000000080f00000, 0x0000000080f00000| Untracked 
|  15|0x0000000080f00000, 0x0000000081000000, 0x0000000081000000|100%|HS|  |TAMS 0x0000000081000000, 0x0000000081000000| Complete 
|  16|0x0000000081000000, 0x0000000081100000, 0x0000000081100000|100%|HC|  |TAMS 0x0000000081100000, 0x0000000081100000| Complete 
|  17|0x0000000081100000, 0x0000000081200000, 0x0000000081200000|100%|HS|  |TAMS 0x0000000081200000, 0x0000000081200000| Complete 
|  18|0x0000000081200000, 0x0000000081300000, 0x0000000081300000|100%|HC|  |TAMS 0x0000000081300000, 0x0000000081300000| Complete 
|  19|0x0000000081300000, 0x0000000081400000, 0x0000000081400000|100%|HC|  |TAMS 0x0000000081400000, 0x0000000081400000| Complete 
|  20|0x0000000081400000, 0x0000000081500000, 0x0000000081500000|100%|HS|  |TAMS 0x0000000081500000, 0x0000000081500000| Complete 
|  21|0x0000000081500000, 0x0000000081600000, 0x0000000081600000|100%|HC|  |TAMS 0x0000000081600000, 0x0000000081600000| Complete 
|  22|0x0000000081600000, 0x0000000081700000, 0x0000000081700000|100%|HC|  |TAMS 0x0000000081700000, 0x0000000081700000| Complete 
|  23|0x0000000081700000, 0x0000000081800000, 0x0000000081800000|100%|HC|  |TAMS 0x0000000081800000, 0x0000000081800000| Complete 
|  24|0x0000000081800000, 0x0000000081900000, 0x0000000081900000|100%| O|  |TAMS 0x0000000081900000, 0x0000000081900000| Untracked 
|  25|0x0000000081900000, 0x0000000081a00000, 0x0000000081a00000|100%| O|  |TAMS 0x0000000081a00000, 0x0000000081a00000| Untracked 
|  26|0x0000000081a00000, 0x0000000081b00000, 0x0000000081b00000|100%| O|  |TAMS 0x0000000081b00000, 0x0000000081b00000| Untracked 
|  27|0x0000000081b00000, 0x0000000081c00000, 0x0000000081c00000|100%| O|  |TAMS 0x0000000081c00000, 0x0000000081c00000| Untracked 
|  28|0x0000000081c00000, 0x0000000081d00000, 0x0000000081d00000|100%| O|  |TAMS 0x0000000081d00000, 0x0000000081d00000| Untracked 
|  29|0x0000000081d00000, 0x0000000081e00000, 0x0000000081e00000|100%| O|  |TAMS 0x0000000081e00000, 0x0000000081e00000| Untracked 
|  30|0x0000000081e00000, 0x0000000081f00000, 0x0000000081f00000|100%| O|  |TAMS 0x0000000081f00000, 0x0000000081f00000| Untracked 
|  31|0x0000000081f00000, 0x0000000082000000, 0x0000000082000000|100%|HS|  |TAMS 0x0000000082000000, 0x0000000082000000| Complete 
|  32|0x0000000082000000, 0x0000000082100000, 0x0000000082100000|100%|HC|  |TAMS 0x0000000082100000, 0x0000000082100000| Complete 
|  33|0x0000000082100000, 0x0000000082200000, 0x0000000082200000|100%|HC|  |TAMS 0x0000000082200000, 0x0000000082200000| Complete 
|  34|0x0000000082200000, 0x0000000082300000, 0x0000000082300000|100%|HS|  |TAMS 0x0000000082300000, 0x0000000082300000| Complete 
|  35|0x0000000082300000, 0x0000000082400000, 0x0000000082400000|100%|HC|  |TAMS 0x0000000082400000, 0x0000000082400000| Complete 
|  36|0x0000000082400000, 0x0000000082500000, 0x0000000082500000|100%|HC|  |TAMS 0x0000000082500000, 0x0000000082500000| Complete 
|  37|0x0000000082500000, 0x0000000082600000, 0x0000000082600000|100%|HS|  |TAMS 0x0000000082600000, 0x0000000082600000| Complete 
|  38|0x0000000082600000, 0x0000000082700000, 0x0000000082700000|100%|HC|  |TAMS 0x0000000082700000, 0x0000000082700000| Complete 
|  39|0x0000000082700000, 0x0000000082800000, 0x0000000082800000|100%| O|  |TAMS 0x0000000082800000, 0x0000000082800000| Untracked 
|  40|0x0000000082800000, 0x0000000082900000, 0x0000000082900000|100%| O|  |TAMS 0x0000000082900000, 0x0000000082900000| Untracked 
|  41|0x0000000082900000, 0x0000000082a00000, 0x0000000082a00000|100%| O|  |TAMS 0x0000000082a00000, 0x0000000082a00000| Untracked 
|  42|0x0000000082a00000, 0x0000000082b00000, 0x0000000082b00000|100%| O|  |TAMS 0x0000000082b00000, 0x0000000082b00000| Untracked 
|  43|0x0000000082b00000, 0x0000000082c00000, 0x0000000082c00000|100%| O|  |TAMS 0x0000000082c00000, 0x0000000082c00000| Untracked 
|  44|0x0000000082c00000, 0x0000000082d00000, 0x0000000082d00000|100%| O|  |TAMS 0x0000000082d00000, 0x0000000082d00000| Untracked 
|  45|0x0000000082d00000, 0x0000000082e00000, 0x0000000082e00000|100%| O|  |TAMS 0x0000000082e00000, 0x0000000082e00000| Untracked 
|  46|0x0000000082e00000, 0x0000000082f00000, 0x0000000082f00000|100%| O|  |TAMS 0x0000000082f00000, 0x0000000082f00000| Untracked 
|  47|0x0000000082f00000, 0x0000000083000000, 0x0000000083000000|100%| O|  |TAMS 0x0000000083000000, 0x0000000083000000| Untracked 
|  48|0x0000000083000000, 0x0000000083100000, 0x0000000083100000|100%| O|  |TAMS 0x0000000083100000, 0x0000000083100000| Untracked 
|  49|0x0000000083100000, 0x0000000083200000, 0x0000000083200000|100%| O|  |TAMS 0x0000000083200000, 0x0000000083200000| Untracked 
|  50|0x0000000083200000, 0x0000000083300000, 0x0000000083300000|100%| O|  |TAMS 0x0000000083300000, 0x0000000083300000| Untracked 
|  51|0x0000000083300000, 0x0000000083400000, 0x0000000083400000|100%| O|  |TAMS 0x0000000083400000, 0x0000000083400000| Untracked 
|  52|0x0000000083400000, 0x0000000083500000, 0x0000000083500000|100%| O|  |TAMS 0x0000000083500000, 0x0000000083500000| Untracked 
|  53|0x0000000083500000, 0x0000000083600000, 0x0000000083600000|100%| O|  |TAMS 0x0000000083600000, 0x0000000083600000| Untracked 
|  54|0x0000000083600000, 0x0000000083700000, 0x0000000083700000|100%| O|  |TAMS 0x0000000083700000, 0x0000000083700000| Untracked 
|  55|0x0000000083700000, 0x0000000083800000, 0x0000000083800000|100%| O|  |TAMS 0x0000000083800000, 0x0000000083800000| Untracked 
|  56|0x0000000083800000, 0x0000000083900000, 0x0000000083900000|100%| O|  |TAMS 0x0000000083900000, 0x0000000083900000| Untracked 
|  57|0x0000000083900000, 0x0000000083a00000, 0x0000000083a00000|100%| O|  |TAMS 0x0000000083a00000, 0x0000000083a00000| Untracked 
|  58|0x0000000083a00000, 0x0000000083b00000, 0x0000000083b00000|100%| O|  |TAMS 0x0000000083b00000, 0x0000000083b00000| Untracked 
|  59|0x0000000083b00000, 0x0000000083c00000, 0x0000000083c00000|100%| O|  |TAMS 0x0000000083c00000, 0x0000000083c00000| Untracked 
|  60|0x0000000083c00000, 0x0000000083d00000, 0x0000000083d00000|100%| O|  |TAMS 0x0000000083cf1800, 0x0000000083d00000| Untracked 
|  61|0x0000000083d00000, 0x0000000083e00000, 0x0000000083e00000|100%| O|  |TAMS 0x0000000083d00000, 0x0000000083e00000| Untracked 
|  62|0x0000000083e00000, 0x0000000083f00000, 0x0000000083f00000|100%| O|  |TAMS 0x0000000083e00000, 0x0000000083f00000| Untracked 
|  63|0x0000000083f00000, 0x0000000084000000, 0x0000000084000000|100%| O|  |TAMS 0x0000000083f00000, 0x0000000084000000| Untracked 
|  64|0x0000000084000000, 0x0000000084100000, 0x0000000084100000|100%| O|  |TAMS 0x0000000084000000, 0x0000000084100000| Untracked 
|  65|0x0000000084100000, 0x0000000084200000, 0x0000000084200000|100%| O|  |TAMS 0x0000000084100000, 0x0000000084200000| Untracked 
|  66|0x0000000084200000, 0x0000000084300000, 0x0000000084300000|100%| O|  |TAMS 0x0000000084200000, 0x0000000084300000| Untracked 
|  67|0x0000000084300000, 0x0000000084400000, 0x0000000084400000|100%| O|  |TAMS 0x0000000084300000, 0x0000000084400000| Untracked 
|  68|0x0000000084400000, 0x0000000084500000, 0x0000000084500000|100%| O|  |TAMS 0x0000000084400000, 0x0000000084500000| Untracked 
|  69|0x0000000084500000, 0x0000000084600000, 0x0000000084600000|100%| O|  |TAMS 0x0000000084500000, 0x0000000084600000| Untracked 
|  70|0x0000000084600000, 0x0000000084700000, 0x0000000084700000|100%| O|  |TAMS 0x0000000084600000, 0x0000000084700000| Untracked 
|  71|0x0000000084700000, 0x0000000084733200, 0x0000000084800000| 19%| O|  |TAMS 0x0000000084700000, 0x0000000084733200| Untracked 
|  72|0x0000000084800000, 0x0000000084800000, 0x0000000084900000|  0%| F|  |TAMS 0x0000000084800000, 0x0000000084800000| Untracked 
|  73|0x0000000084900000, 0x0000000084900000, 0x0000000084a00000|  0%| F|  |TAMS 0x0000000084900000, 0x0000000084900000| Untracked 
|  74|0x0000000084a00000, 0x0000000084a00000, 0x0000000084b00000|  0%| F|  |TAMS 0x0000000084a00000, 0x0000000084a00000| Untracked 
|  75|0x0000000084b00000, 0x0000000084b00000, 0x0000000084c00000|  0%| F|  |TAMS 0x0000000084b00000, 0x0000000084b00000| Untracked 
|  76|0x0000000084c00000, 0x0000000084c00000, 0x0000000084d00000|  0%| F|  |TAMS 0x0000000084c00000, 0x0000000084c00000| Untracked 
|  77|0x0000000084d00000, 0x0000000084d00000, 0x0000000084e00000|  0%| F|  |TAMS 0x0000000084d00000, 0x0000000084d00000| Untracked 
|  78|0x0000000084e00000, 0x0000000084e00000, 0x0000000084f00000|  0%| F|  |TAMS 0x0000000084e00000, 0x0000000084e00000| Untracked 
|  79|0x0000000084f00000, 0x0000000084f00000, 0x0000000085000000|  0%| F|  |TAMS 0x0000000084f00000, 0x0000000084f00000| Untracked 
|  80|0x0000000085000000, 0x0000000085000000, 0x0000000085100000|  0%| F|  |TAMS 0x0000000085000000, 0x0000000085000000| Untracked 
|  81|0x0000000085100000, 0x0000000085100000, 0x0000000085200000|  0%| F|  |TAMS 0x0000000085100000, 0x0000000085100000| Untracked 
|  82|0x0000000085200000, 0x0000000085200000, 0x0000000085300000|  0%| F|  |TAMS 0x0000000085200000, 0x0000000085200000| Untracked 
|  83|0x0000000085300000, 0x0000000085300000, 0x0000000085400000|  0%| F|  |TAMS 0x0000000085300000, 0x0000000085300000| Untracked 
|  84|0x0000000085400000, 0x0000000085400000, 0x0000000085500000|  0%| F|  |TAMS 0x0000000085400000, 0x0000000085400000| Untracked 
|  85|0x0000000085500000, 0x0000000085500000, 0x0000000085600000|  0%| F|  |TAMS 0x0000000085500000, 0x0000000085500000| Untracked 
|  86|0x0000000085600000, 0x0000000085600000, 0x0000000085700000|  0%| F|  |TAMS 0x0000000085600000, 0x0000000085600000| Untracked 
|  87|0x0000000085700000, 0x0000000085700000, 0x0000000085800000|  0%| F|  |TAMS 0x0000000085700000, 0x0000000085700000| Untracked 
|  88|0x0000000085800000, 0x0000000085800000, 0x0000000085900000|  0%| F|  |TAMS 0x0000000085800000, 0x0000000085800000| Untracked 
|  89|0x0000000085900000, 0x0000000085900000, 0x0000000085a00000|  0%| F|  |TAMS 0x0000000085900000, 0x0000000085900000| Untracked 
|  90|0x0000000085a00000, 0x0000000085a00000, 0x0000000085b00000|  0%| F|  |TAMS 0x0000000085a00000, 0x0000000085a00000| Untracked 
|  91|0x0000000085b00000, 0x0000000085b00000, 0x0000000085c00000|  0%| F|  |TAMS 0x0000000085b00000, 0x0000000085b00000| Untracked 
|  92|0x0000000085c00000, 0x0000000085c00000, 0x0000000085d00000|  0%| F|  |TAMS 0x0000000085c00000, 0x0000000085c00000| Untracked 
|  93|0x0000000085d00000, 0x0000000085d22230, 0x0000000085e00000| 13%| S|CS|TAMS 0x0000000085d00000, 0x0000000085d00000| Complete 
|  94|0x0000000085e00000, 0x0000000085f00000, 0x0000000085f00000|100%| S|CS|TAMS 0x0000000085e00000, 0x0000000085e00000| Complete 
|  95|0x0000000085f00000, 0x0000000086000000, 0x0000000086000000|100%| S|CS|TAMS 0x0000000085f00000, 0x0000000085f00000| Complete 
|  96|0x0000000086000000, 0x0000000086000000, 0x0000000086100000|  0%| F|  |TAMS 0x0000000086000000, 0x0000000086000000| Untracked 
|  97|0x0000000086100000, 0x0000000086100000, 0x0000000086200000|  0%| F|  |TAMS 0x0000000086100000, 0x0000000086100000| Untracked 
|  98|0x0000000086200000, 0x0000000086200000, 0x0000000086300000|  0%| F|  |TAMS 0x0000000086200000, 0x0000000086200000| Untracked 
|  99|0x0000000086300000, 0x0000000086300000, 0x0000000086400000|  0%| F|  |TAMS 0x0000000086300000, 0x0000000086300000| Untracked 
| 100|0x0000000086400000, 0x0000000086400000, 0x0000000086500000|  0%| F|  |TAMS 0x0000000086400000, 0x0000000086400000| Untracked 
| 101|0x0000000086500000, 0x0000000086500000, 0x0000000086600000|  0%| F|  |TAMS 0x0000000086500000, 0x0000000086500000| Untracked 
| 102|0x0000000086600000, 0x0000000086600000, 0x0000000086700000|  0%| F|  |TAMS 0x0000000086600000, 0x0000000086600000| Untracked 
| 103|0x0000000086700000, 0x0000000086700000, 0x0000000086800000|  0%| F|  |TAMS 0x0000000086700000, 0x0000000086700000| Untracked 
| 104|0x0000000086800000, 0x0000000086800000, 0x0000000086900000|  0%| F|  |TAMS 0x0000000086800000, 0x0000000086800000| Untracked 
| 105|0x0000000086900000, 0x0000000086900000, 0x0000000086a00000|  0%| F|  |TAMS 0x0000000086900000, 0x0000000086900000| Untracked 
| 106|0x0000000086a00000, 0x0000000086a00000, 0x0000000086b00000|  0%| F|  |TAMS 0x0000000086a00000, 0x0000000086a00000| Untracked 
| 107|0x0000000086b00000, 0x0000000086b00000, 0x0000000086c00000|  0%| F|  |TAMS 0x0000000086b00000, 0x0000000086b00000| Untracked 
| 108|0x0000000086c00000, 0x0000000086c00000, 0x0000000086d00000|  0%| F|  |TAMS 0x0000000086c00000, 0x0000000086c00000| Untracked 
| 109|0x0000000086d00000, 0x0000000086d50de0, 0x0000000086e00000| 31%| E|  |TAMS 0x0000000086d00000, 0x0000000086d00000| Complete 
| 110|0x0000000086e00000, 0x0000000086f00000, 0x0000000086f00000|100%| E|CS|TAMS 0x0000000086e00000, 0x0000000086e00000| Complete 
| 111|0x0000000086f00000, 0x0000000087000000, 0x0000000087000000|100%| E|CS|TAMS 0x0000000086f00000, 0x0000000086f00000| Complete 
| 112|0x0000000087000000, 0x0000000087100000, 0x0000000087100000|100%| E|CS|TAMS 0x0000000087000000, 0x0000000087000000| Complete 
| 113|0x0000000087100000, 0x0000000087200000, 0x0000000087200000|100%| E|CS|TAMS 0x0000000087100000, 0x0000000087100000| Complete 
| 114|0x0000000087200000, 0x0000000087300000, 0x0000000087300000|100%| E|CS|TAMS 0x0000000087200000, 0x0000000087200000| Complete 
| 115|0x0000000087300000, 0x0000000087400000, 0x0000000087400000|100%| E|CS|TAMS 0x0000000087300000, 0x0000000087300000| Complete 
| 116|0x0000000087400000, 0x0000000087500000, 0x0000000087500000|100%| E|CS|TAMS 0x0000000087400000, 0x0000000087400000| Complete 
| 117|0x0000000087500000, 0x0000000087600000, 0x0000000087600000|100%| E|CS|TAMS 0x0000000087500000, 0x0000000087500000| Complete 
| 118|0x0000000087600000, 0x0000000087700000, 0x0000000087700000|100%| E|CS|TAMS 0x0000000087600000, 0x0000000087600000| Complete 
| 119|0x0000000087700000, 0x0000000087800000, 0x0000000087800000|100%| E|CS|TAMS 0x0000000087700000, 0x0000000087700000| Complete 
| 120|0x0000000087800000, 0x0000000087900000, 0x0000000087900000|100%| E|CS|TAMS 0x0000000087800000, 0x0000000087800000| Complete 
| 121|0x0000000087900000, 0x0000000087a00000, 0x0000000087a00000|100%| E|CS|TAMS 0x0000000087900000, 0x0000000087900000| Complete 
| 122|0x0000000087a00000, 0x0000000087b00000, 0x0000000087b00000|100%| E|CS|TAMS 0x0000000087a00000, 0x0000000087a00000| Complete 
| 123|0x0000000087b00000, 0x0000000087c00000, 0x0000000087c00000|100%| E|CS|TAMS 0x0000000087b00000, 0x0000000087b00000| Complete 
| 124|0x0000000087c00000, 0x0000000087d00000, 0x0000000087d00000|100%| E|CS|TAMS 0x0000000087c00000, 0x0000000087c00000| Complete 
| 125|0x0000000087d00000, 0x0000000087e00000, 0x0000000087e00000|100%| E|CS|TAMS 0x0000000087d00000, 0x0000000087d00000| Complete 
| 126|0x0000000087e00000, 0x0000000087f00000, 0x0000000087f00000|100%| E|CS|TAMS 0x0000000087e00000, 0x0000000087e00000| Complete 
| 127|0x0000000087f00000, 0x0000000088000000, 0x0000000088000000|100%| E|CS|TAMS 0x0000000087f00000, 0x0000000087f00000| Complete 

Card table byte_map: [0x0000022f2f140000,0x0000022f2f540000] _byte_map_base: 0x0000022f2ed40000

Marking Bits (Prev, Next): (CMBitMap*) 0x0000022f175b9648, (CMBitMap*) 0x0000022f175b9680
 Prev Bits: [0x0000022f2f940000, 0x0000022f31940000)
 Next Bits: [0x0000022f31940000, 0x0000022f33940000)

Polling page: 0x0000022f15560000

Metaspace:

Usage:
  Non-class:     63.37 MB capacity,    62.15 MB ( 98%) used,     1.04 MB (  2%) free+waste,   187.13 KB ( <1%) overhead. 
      Class:      9.90 MB capacity,     9.26 MB ( 94%) used,   562.29 KB (  6%) free+waste,    87.25 KB ( <1%) overhead. 
       Both:     73.27 MB capacity,    71.41 MB ( 97%) used,     1.59 MB (  2%) free+waste,   274.38 KB ( <1%) overhead. 

Virtual space:
  Non-class space:       64.00 MB reserved,      63.42 MB (>99%) committed 
      Class space:        1.00 GB reserved,       9.98 MB ( <1%) committed 
             Both:        1.06 GB reserved,      73.40 MB (  7%) committed 

Chunk freelists:
   Non-Class:  6.75 KB
       Class:  1.13 KB
        Both:  7.88 KB

CodeHeap 'non-profiled nmethods': size=120000Kb used=4694Kb max_used=4694Kb free=115305Kb
 bounds [0x0000022f274e0000, 0x0000022f27980000, 0x0000022f2ea10000]
CodeHeap 'profiled nmethods': size=120000Kb used=17112Kb max_used=17112Kb free=102887Kb
 bounds [0x0000022f1ffb0000, 0x0000022f21070000, 0x0000022f274e0000]
CodeHeap 'non-nmethods': size=5760Kb used=2259Kb max_used=2315Kb free=3500Kb
 bounds [0x0000022f1fa10000, 0x0000022f1fc80000, 0x0000022f1ffb0000]
 total_blobs=8924 nmethods=8072 adapters=763
 compilation: enabled
              stopped_count=0, restarted_count=0
 full_count=0

Compilation events (10 events):
Event: 11.191 Thread 0x0000022f36c30000 7986       3       com.google.common.util.concurrent.Striped$CompactStriped::getAt (7 bytes)
Event: 11.191 Thread 0x0000022f36c30000 nmethod 7986 0x0000022f21035e90 code [0x0000022f21036040, 0x0000022f21036178]
Event: 11.191 Thread 0x0000022f36c30000 7987       3       org.gradle.internal.vfs.impl.DefaultVirtualFileSystem$$Lambda$231/0x0000000100596840::get (12 bytes)
Event: 11.191 Thread 0x0000022f36c30000 nmethod 7987 0x0000022f21036290 code [0x0000022f21036440, 0x0000022f210365e8]
Event: 11.191 Thread 0x0000022f36c30000 7992       3       org.gradle.internal.vfs.impl.DefaultVirtualFileSystem::lambda$readLocation$16 (30 bytes)
Event: 11.191 Thread 0x0000022f36c30000 nmethod 7992 0x0000022f21036710 code [0x0000022f21036940, 0x0000022f210372d8]
Event: 11.191 Thread 0x0000022f36c30000 7993       3       com.google.common.collect.AbstractMapEntry::equals (52 bytes)
Event: 11.192 Thread 0x0000022f36c30000 nmethod 7993 0x0000022f21037610 code [0x0000022f21037860, 0x0000022f21038338]
Event: 11.192 Thread 0x0000022f3ae6d000 nmethod 7945 0x0000022f27960810 code [0x0000022f27960a00, 0x0000022f27961080]
Event: 11.192 Thread 0x0000022f3ae6d000 7974       4       sun.nio.fs.WindowsPath::compareTo (118 bytes)

GC Heap History (10 events):
Event: 9.361 GC heap before
{Heap before GC invocations=13 (full 0):
 garbage-first heap   total 131072K, used 100334K [0x0000000080000000, 0x0000000100000000)
  region size 1024K, 42 young (43008K), 2 survivors (2048K)
 Metaspace       used 61771K, capacity 63252K, committed 63388K, reserved 1103872K
  class space    used 7792K, capacity 8300K, committed 8428K, reserved 1048576K
}
Event: 9.365 GC heap after
{Heap after GC invocations=14 (full 0):
 garbage-first heap   total 131072K, used 62497K [0x0000000080000000, 0x0000000100000000)
  region size 1024K, 5 young (5120K), 5 survivors (5120K)
 Metaspace       used 61771K, capacity 63252K, committed 63388K, reserved 1103872K
  class space    used 7792K, capacity 8300K, committed 8428K, reserved 1048576K
}
Event: 9.941 GC heap before
{Heap before GC invocations=14 (full 0):
 garbage-first heap   total 131072K, used 102433K [0x0000000080000000, 0x0000000100000000)
  region size 1024K, 44 young (45056K), 5 survivors (5120K)
 Metaspace       used 66211K, capacity 67830K, committed 68124K, reserved 1107968K
  class space    used 8484K, capacity 9028K, committed 9068K, reserved 1048576K
}
Event: 9.946 GC heap after
{Heap after GC invocations=15 (full 0):
 garbage-first heap   total 131072K, used 65478K [0x0000000080000000, 0x0000000100000000)
  region size 1024K, 3 young (3072K), 3 survivors (3072K)
 Metaspace       used 66211K, capacity 67830K, committed 68124K, reserved 1107968K
  class space    used 8484K, capacity 9028K, committed 9068K, reserved 1048576K
}
Event: 10.348 GC heap before
{Heap before GC invocations=15 (full 0):
 garbage-first heap   total 131072K, used 104390K [0x0000000080000000, 0x0000000100000000)
  region size 1024K, 41 young (41984K), 3 survivors (3072K)
 Metaspace       used 70004K, capacity 71662K, committed 71836K, reserved 1112064K
  class space    used 9033K, capacity 9605K, committed 9708K, reserved 1048576K
}
Event: 10.352 GC heap after
{Heap after GC invocations=16 (full 0):
 garbage-first heap   total 131072K, used 67424K [0x0000000080000000, 0x0000000100000000)
  region size 1024K, 5 young (5120K), 5 survivors (5120K)
 Metaspace       used 70004K, capacity 71662K, committed 71836K, reserved 1112064K
  class space    used 9033K, capacity 9605K, committed 9708K, reserved 1048576K
}
Event: 10.755 GC heap before
{Heap before GC invocations=17 (full 0):
 garbage-first heap   total 131072K, used 106336K [0x0000000080000000, 0x0000000100000000)
  region size 1024K, 43 young (44032K), 5 survivors (5120K)
 Metaspace       used 71979K, capacity 73732K, committed 73884K, reserved 1114112K
  class space    used 9332K, capacity 9942K, committed 9964K, reserved 1048576K
}
Event: 10.761 GC heap after
{Heap after GC invocations=18 (full 0):
 garbage-first heap   total 131072K, used 72827K [0x0000000080000000, 0x0000000100000000)
  region size 1024K, 6 young (6144K), 6 survivors (6144K)
 Metaspace       used 71979K, capacity 73732K, committed 73884K, reserved 1114112K
  class space    used 9332K, capacity 9942K, committed 9964K, reserved 1048576K
}
Event: 11.076 GC heap before
{Heap before GC invocations=18 (full 0):
 garbage-first heap   total 131072K, used 104571K [0x0000000080000000, 0x0000000100000000)
  region size 1024K, 38 young (38912K), 6 survivors (6144K)
 Metaspace       used 72871K, capacity 74671K, committed 74908K, reserved 1114112K
  class space    used 9469K, capacity 10103K, committed 10220K, reserved 1048576K
}
Event: 11.082 GC heap after
{Heap after GC invocations=19 (full 0):
 garbage-first heap   total 131072K, used 75093K [0x0000000080000000, 0x0000000100000000)
  region size 1024K, 3 young (3072K), 3 survivors (3072K)
 Metaspace       used 72871K, capacity 74671K, committed 74908K, reserved 1114112K
  class space    used 9469K, capacity 10103K, committed 10220K, reserved 1048576K
}

Deoptimization events (10 events):
Event: 10.754 Thread 0x0000022f380d3000 Uncommon trap: reason=bimorphic_or_optimized_type_check action=maybe_recompile pc=0x0000022f27730544 method=java.util.concurrent.ConcurrentHashMap.putVal(Ljava/lang/Object;Ljava/lang/Object;Z)Ljava/lang/Object; @ 242 c2
Event: 10.754 Thread 0x0000022f3c550000 Uncommon trap: reason=bimorphic_or_optimized_type_check action=maybe_recompile pc=0x0000022f27730544 method=java.util.concurrent.ConcurrentHashMap.putVal(Ljava/lang/Object;Ljava/lang/Object;Z)Ljava/lang/Object; @ 242 c2
Event: 10.754 Thread 0x0000022f38d43000 Uncommon trap: reason=bimorphic_or_optimized_type_check action=maybe_recompile pc=0x0000022f27730544 method=java.util.concurrent.ConcurrentHashMap.putVal(Ljava/lang/Object;Ljava/lang/Object;Z)Ljava/lang/Object; @ 242 c2
Event: 10.848 Thread 0x0000022f3c550000 Uncommon trap: reason=bimorphic_or_optimized_type_check action=maybe_recompile pc=0x0000022f2776a81c method=java.util.Collections$SetFromMap.remove(Ljava/lang/Object;)Z @ 5 c2
Event: 10.848 Thread 0x0000022f38d48800 Uncommon trap: reason=bimorphic_or_optimized_type_check action=maybe_recompile pc=0x0000022f2776a81c method=java.util.Collections$SetFromMap.remove(Ljava/lang/Object;)Z @ 5 c2
Event: 10.848 Thread 0x0000022f38d43000 Uncommon trap: reason=bimorphic_or_optimized_type_check action=maybe_recompile pc=0x0000022f2776a81c method=java.util.Collections$SetFromMap.remove(Ljava/lang/Object;)Z @ 5 c2
Event: 10.849 Thread 0x0000022f3c54f000 Uncommon trap: reason=bimorphic_or_optimized_type_check action=maybe_recompile pc=0x0000022f2776a81c method=java.util.Collections$SetFromMap.remove(Ljava/lang/Object;)Z @ 5 c2
Event: 10.981 Thread 0x0000022f3c54f000 Uncommon trap: reason=unstable_if action=reinterpret pc=0x0000022f27717b3c method=java.lang.StringLatin1.compareToCI([B[B)I @ 68 c2
Event: 11.028 Thread 0x0000022f38d43000 Uncommon trap: reason=unstable_if action=reinterpret pc=0x0000022f2752ad08 method=java.lang.StringLatin1.compareToCI([B[B)I @ 68 c2
Event: 11.173 Thread 0x0000022f38776000 Uncommon trap: reason=unstable_if action=reinterpret pc=0x0000022f2791ec24 method=com.esotericsoftware.kryo.io.Input.readVarInt(Z)I @ 42 c2

Classes redefined (0 events):
No events

Internal exceptions (10 events):
Event: 10.743 Thread 0x0000022f380d3000 Exception <a 'java/lang/NoSuchMethodError'{0x0000000085da7c30}: java.lang.invoke.Invokers$Holder.linkToTargetMethod(Ljava/lang/Object;Ljava/lang/Object;Ljava/lang/Object;Ljava/lang/Object;Ljava/lang/Object;Ljava/lang/Object;Ljava/lang/Object;Ljava/lang/Ob
Event: 10.743 Thread 0x0000022f3c550800 Exception <a 'java/lang/NoSuchMethodError'{0x0000000085bbf308}: java.lang.invoke.Invokers$Holder.linkToTargetMethod(Ljava/lang/Object;Ljava/lang/Object;Ljava/lang/Object;Ljava/lang/Object;Ljava/lang/Object;Ljava/lang/Object;Ljava/lang/Object;Ljava/lang/Ob
Event: 10.743 Thread 0x0000022f38d43000 Exception <a 'java/lang/NoSuchMethodError'{0x0000000085b16778}: java.lang.invoke.DirectMethodHandle$Holder.invokeSpecial(Ljava/lang/Object;Ljava/lang/Object;Ljava/lang/Object;Ljava/lang/Object;Ljava/lang/Object;Ljava/lang/Object;Ljava/lang/Object;Ljava/la
Event: 10.743 Thread 0x0000022f38d48800 Exception <a 'java/lang/NoSuchMethodError'{0x0000000085be0678}: java.lang.invoke.Invokers$Holder.linkToTargetMethod(Ljava/lang/Object;Ljava/lang/Object;Ljava/lang/Object;Ljava/lang/Object;Ljava/lang/Object;Ljava/lang/Object;Ljava/lang/Object;Ljava/lang/Ob
Event: 10.743 Thread 0x0000022f3c54f000 Exception <a 'java/lang/NoSuchMethodError'{0x0000000085a28cb8}: java.lang.invoke.Invokers$Holder.linkToTargetMethod(Ljava/lang/Object;Ljava/lang/Object;Ljava/lang/Object;Ljava/lang/Object;Ljava/lang/Object;Ljava/lang/Object;Ljava/lang/Object;Ljava/lang/Ob
Event: 10.743 Thread 0x0000022f38d43000 Exception <a 'java/lang/NoSuchMethodError'{0x0000000085b1a600}: java.lang.invoke.Invokers$Holder.linkToTargetMethod(Ljava/lang/Object;Ljava/lang/Object;Ljava/lang/Object;Ljava/lang/Object;Ljava/lang/Object;Ljava/lang/Object;Ljava/lang/Object;Ljava/lang/Ob
Event: 10.748 Thread 0x0000022f38d43000 Exception <a 'java/lang/NoSuchMethodError'{0x0000000085a60b40}: java.lang.invoke.Invokers$Holder.linkToTargetMethod(Ljava/lang/Object;Ljava/lang/Object;Ljava/lang/Object;Ljava/lang/Object;Ljava/lang/Object;Ljava/lang/Object;Ljava/lang/Object;Ljava/lang/Ob
Event: 10.748 Thread 0x0000022f3c54f000 Exception <a 'java/lang/NoSuchMethodError'{0x0000000085a3eb68}: java.lang.invoke.Invokers$Holder.linkToTargetMethod(Ljava/lang/Object;Ljava/lang/Object;Ljava/lang/Object;Ljava/lang/Object;Ljava/lang/Object;Ljava/lang/Object;Ljava/lang/Object;Ljava/lang/Ob
Event: 10.748 Thread 0x0000022f380d3000 Exception <a 'java/lang/NoSuchMethodError'{0x0000000085dbd9f0}: java.lang.invoke.Invokers$Holder.linkToTargetMethod(Ljava/lang/Object;Ljava/lang/Object;Ljava/lang/Object;Ljava/lang/Object;Ljava/lang/Object;Ljava/lang/Object;Ljava/lang/Object;Ljava/lang/Ob
Event: 10.749 Thread 0x0000022f38d48800 Exception <a 'java/lang/NoSuchMethodError'{0x0000000085bf7d90}: java.lang.invoke.Invokers$Holder.linkToTargetMethod(Ljava/lang/Object;Ljava/lang/Object;Ljava/lang/Object;Ljava/lang/Object;Ljava/lang/Object;Ljava/lang/Object;Ljava/lang/Object;Ljava/lang/Ob

Events (10 events):
Event: 11.028 Thread 0x0000022f38d43000 DEOPT UNPACKING pc=0x0000022f1fa378af sp=0x00000077273fc288 mode 2
Event: 11.076 Executing VM operation: G1CollectForAllocation
Event: 11.082 Executing VM operation: G1CollectForAllocation done
Event: 11.127 Thread 0x0000022f38d48800 DEOPT PACKING pc=0x0000022f20faae11 sp=0x00000077274fbc60
Event: 11.127 Thread 0x0000022f38d48800 DEOPT UNPACKING pc=0x0000022f1fa376ce sp=0x00000077274fb128 mode 0
Event: 11.173 Thread 0x0000022f38776000 Uncommon trap: trap_request=0xffffff4d fr.pc=0x0000022f2791ec24 relative=0x0000000000000244
Event: 11.173 Thread 0x0000022f38776000 DEOPT PACKING pc=0x0000022f2791ec24 sp=0x00000077260fdf10
Event: 11.173 Thread 0x0000022f38776000 DEOPT UNPACKING pc=0x0000022f1fa378af sp=0x00000077260fdde8 mode 2
Event: 11.190 Thread 0x0000022f38d48800 DEOPT PACKING pc=0x0000022f20f9de6f sp=0x00000077274fbef0
Event: 11.190 Thread 0x0000022f38d48800 DEOPT UNPACKING pc=0x0000022f1fa376ce sp=0x00000077274fb3f8 mode 0


Dynamic libraries:
0x00007ff603230000 - 0x00007ff60323f000 	C:\Program Files\Java\jdk-11.0.10\bin\java.exe
0x00007ffb87b70000 - 0x00007ffb87d65000 	C:\WINDOWS\SYSTEM32\ntdll.dll
0x00007ffb4db70000 - 0x00007ffb4db82000 	C:\Program Files\Avast Software\Avast\aswhook.dll
0x00007ffb87a70000 - 0x00007ffb87b2d000 	C:\WINDOWS\System32\KERNEL32.DLL
0x00007ffb85830000 - 0x00007ffb85af9000 	C:\WINDOWS\System32\KERNELBASE.dll
0x00007ffb852b0000 - 0x00007ffb853b0000 	C:\WINDOWS\System32\ucrtbase.dll
0x00007ffb71240000 - 0x00007ffb71258000 	C:\Program Files\Java\jdk-11.0.10\bin\jli.dll
0x00007ffb6c080000 - 0x00007ffb6c095000 	C:\Program Files\Java\jdk-11.0.10\bin\VCRUNTIME140.dll
0x00007ffb87110000 - 0x00007ffb871bc000 	C:\WINDOWS\System32\ADVAPI32.dll
0x00007ffb86530000 - 0x00007ffb865ce000 	C:\WINDOWS\System32\msvcrt.dll
0x00007ffb865e0000 - 0x00007ffb8667c000 	C:\WINDOWS\System32\sechost.dll
0x00007ffb866e0000 - 0x00007ffb8680b000 	C:\WINDOWS\System32\RPCRT4.dll
0x00007ffb87440000 - 0x00007ffb875e0000 	C:\WINDOWS\System32\USER32.dll
0x00007ffb854c0000 - 0x00007ffb854e2000 	C:\WINDOWS\System32\win32u.dll
0x00007ffb76f40000 - 0x00007ffb771da000 	C:\WINDOWS\WinSxS\amd64_microsoft.windows.common-controls_6595b64144ccf1df_6.0.19041.844_none_ca00b6081b84eb1d\COMCTL32.dll
0x00007ffb86350000 - 0x00007ffb8637a000 	C:\WINDOWS\System32\GDI32.dll
0x00007ffb853b0000 - 0x00007ffb854bb000 	C:\WINDOWS\System32\gdi32full.dll
0x00007ffb854f0000 - 0x00007ffb8558d000 	C:\WINDOWS\System32\msvcp_win.dll
0x00007ffb80590000 - 0x00007ffb8059a000 	C:\WINDOWS\SYSTEM32\VERSION.dll
0x00007ffb86320000 - 0x00007ffb86350000 	C:\WINDOWS\System32\IMM32.DLL
0x00007ffb628c0000 - 0x00007ffb6295b000 	C:\Program Files\Java\jdk-11.0.10\bin\msvcp140.dll
0x00007ffb16eb0000 - 0x00007ffb179ab000 	C:\Program Files\Java\jdk-11.0.10\bin\server\jvm.dll
0x00007ffb865d0000 - 0x00007ffb865d8000 	C:\WINDOWS\System32\PSAPI.DLL
0x00007ffb78da0000 - 0x00007ffb78da9000 	C:\WINDOWS\SYSTEM32\WSOCK32.dll
0x00007ffb763a0000 - 0x00007ffb763c7000 	C:\WINDOWS\SYSTEM32\WINMM.dll
0x00007ffb86fb0000 - 0x00007ffb8701b000 	C:\WINDOWS\System32\WS2_32.dll
0x00007ffb83230000 - 0x00007ffb83242000 	C:\WINDOWS\SYSTEM32\kernel.appcore.dll
0x00007ffb80820000 - 0x00007ffb80830000 	C:\Program Files\Java\jdk-11.0.10\bin\verify.dll
0x00007ffb7edb0000 - 0x00007ffb7ef94000 	C:\WINDOWS\SYSTEM32\DBGHELP.DLL
0x00007ffb7ecb0000 - 0x00007ffb7ecdc000 	C:\WINDOWS\SYSTEM32\dbgcore.DLL
0x00007ffb85b50000 - 0x00007ffb85bd0000 	C:\WINDOWS\System32\bcryptPrimitives.dll
0x00007ffb6be90000 - 0x00007ffb6beb8000 	C:\Program Files\Java\jdk-11.0.10\bin\java.dll
0x00007ffb71630000 - 0x00007ffb7163a000 	C:\Program Files\Java\jdk-11.0.10\bin\jimage.dll
0x00007ffb6b9a0000 - 0x00007ffb6b9b6000 	C:\Program Files\Java\jdk-11.0.10\bin\zip.dll
0x00007ffb85bd0000 - 0x00007ffb86312000 	C:\WINDOWS\System32\SHELL32.dll
0x00007ffb83430000 - 0x00007ffb83bc0000 	C:\WINDOWS\SYSTEM32\windows.storage.dll
0x00007ffb87710000 - 0x00007ffb87a65000 	C:\WINDOWS\System32\combase.dll
0x00007ffb84cb0000 - 0x00007ffb84cdc000 	C:\WINDOWS\SYSTEM32\Wldp.dll
0x00007ffb875e0000 - 0x00007ffb8768e000 	C:\WINDOWS\System32\SHCORE.dll
0x00007ffb86680000 - 0x00007ffb866d5000 	C:\WINDOWS\System32\shlwapi.dll
0x00007ffb851f0000 - 0x00007ffb8520f000 	C:\WINDOWS\SYSTEM32\profapi.dll
0x00007ffb6acb0000 - 0x00007ffb6acc9000 	C:\Program Files\Java\jdk-11.0.10\bin\net.dll
0x00007ffb7ba70000 - 0x00007ffb7bb7c000 	C:\WINDOWS\SYSTEM32\WINHTTP.dll
0x00007ffb849d0000 - 0x00007ffb84a3a000 	C:\WINDOWS\system32\mswsock.dll
0x00007ffb6ac90000 - 0x00007ffb6aca2000 	C:\Program Files\Java\jdk-11.0.10\bin\nio.dll
0x00007ffb6bf50000 - 0x00007ffb6bf76000 	C:\Users\Jessica\.gradle\native\31\windows-amd64\native-platform.dll
0x00007ffb71560000 - 0x00007ffb71569000 	C:\Program Files\Java\jdk-11.0.10\bin\management.dll
0x00007ffb6bf40000 - 0x00007ffb6bf4b000 	C:\Program Files\Java\jdk-11.0.10\bin\management_ext.dll
0x00007ffb84c00000 - 0x00007ffb84c18000 	C:\WINDOWS\SYSTEM32\CRYPTSP.dll
0x00007ffb84370000 - 0x00007ffb843a4000 	C:\WINDOWS\system32\rsaenh.dll
0x00007ffb855f0000 - 0x00007ffb85617000 	C:\WINDOWS\System32\bcrypt.dll
0x00007ffb85170000 - 0x00007ffb8519e000 	C:\WINDOWS\SYSTEM32\USERENV.dll
0x00007ffb84c20000 - 0x00007ffb84c2c000 	C:\WINDOWS\SYSTEM32\CRYPTBASE.dll
0x00007ffb846c0000 - 0x00007ffb846fb000 	C:\WINDOWS\SYSTEM32\IPHLPAPI.DLL
0x00007ffb86810000 - 0x00007ffb86818000 	C:\WINDOWS\System32\NSI.dll
0x00007ffb7eac0000 - 0x00007ffb7ead7000 	C:\WINDOWS\SYSTEM32\dhcpcsvc6.DLL
0x00007ffb7eaa0000 - 0x00007ffb7eabd000 	C:\WINDOWS\SYSTEM32\dhcpcsvc.DLL
0x00007ffb84760000 - 0x00007ffb8482b000 	C:\WINDOWS\SYSTEM32\DNSAPI.dll

dbghelp: loaded successfully - version: 4.0.5 - missing functions: none
symbol engine: initialized successfully - sym options: 0x614 - pdb path: .;C:\Program Files\Java\jdk-11.0.10\bin;C:\WINDOWS\SYSTEM32;C:\Program Files\Avast Software\Avast;C:\WINDOWS\WinSxS\amd64_microsoft.windows.common-controls_6595b64144ccf1df_6.0.19041.844_none_ca00b6081b84eb1d;C:\Program Files\Java\jdk-11.0.10\bin\server;C:\Users\Jessica\.gradle\native\31\windows-amd64

VM Arguments:
jvm_args: --add-opens=java.base/java.util=ALL-UNNAMED --add-opens=java.base/java.lang=ALL-UNNAMED --add-opens=java.base/java.lang.invoke=ALL-UNNAMED --add-opens=java.prefs/java.util.prefs=ALL-UNNAMED -Xmx2048m -Dfile.encoding=windows-1252 -Duser.country=BR -Duser.language=pt -Duser.variant 
java_command: org.gradle.launcher.daemon.bootstrap.GradleDaemon 6.1.1
java_class_path (initial): C:\Users\Jessica\.gradle\wrapper\dists\gradle-6.1.1-all\cfmwm155h49vnt3hynmlrsdst\gradle-6.1.1\lib\gradle-launcher-6.1.1.jar
Launcher Type: SUN_STANDARD

[Global flags]
     intx CICompilerCount                          = 4                                         {product} {ergonomic}
     uint ConcGCThreads                            = 2                                         {product} {ergonomic}
     uint G1ConcRefinementThreads                  = 8                                         {product} {ergonomic}
   size_t G1HeapRegionSize                         = 1048576                                   {product} {ergonomic}
    uintx GCDrainStackTargetSize                   = 64                                        {product} {ergonomic}
   size_t InitialHeapSize                          = 134217728                                 {product} {ergonomic}
   size_t MarkStackSize                            = 4194304                                   {product} {ergonomic}
   size_t MaxHeapSize                              = 2147483648                                {product} {command line}
   size_t MaxNewSize                               = 1287651328                                {product} {ergonomic}
   size_t MinHeapDeltaBytes                        = 1048576                                   {product} {ergonomic}
    uintx NonNMethodCodeHeapSize                   = 5836300                                {pd product} {ergonomic}
    uintx NonProfiledCodeHeapSize                  = 122910970                              {pd product} {ergonomic}
    uintx ProfiledCodeHeapSize                     = 122910970                              {pd product} {ergonomic}
    uintx ReservedCodeCacheSize                    = 251658240                              {pd product} {ergonomic}
     bool SegmentedCodeCache                       = true                                      {product} {ergonomic}
     bool UseCompressedClassPointers               = true                                 {lp64_product} {ergonomic}
     bool UseCompressedOops                        = true                                 {lp64_product} {ergonomic}
     bool UseG1GC                                  = true                                      {product} {ergonomic}
     bool UseLargePagesIndividualAllocation        = false                                  {pd product} {ergonomic}

Logging:
Log output configuration:
 #0: stdout all=warning uptime,level,tags
 #1: stderr all=off uptime,level,tags

Environment Variables:
PATH=C:\Program Files\Common Files\Oracle\Java\javapath;C:\WINDOWS\system32;C:\WINDOWS;C:\WINDOWS\System32\Wbem;C:\WINDOWS\System32\WindowsPowerShell\v1.0\;C:\WINDOWS\System32\OpenSSH\;C:\Program Files\Git\cmd;C:\Program Files (x86)\NVIDIA Corporation\PhysX\Common;C:\Program Files\NVIDIA Corporation\NVIDIA NvDLISR;C:\Users\Jessica\AppData\Local\Microsoft\WindowsApps;;C:\Program Files\JetBrains\IntelliJ IDEA Community Edition 2020.3.2\bin;
USERNAME=Jessica
OS=Windows_NT
PROCESSOR_IDENTIFIER=Intel64 Family 6 Model 158 Stepping 9, GenuineIntel



---------------  S Y S T E M  ---------------

OS: Windows 10 , 64 bit Build 19041 (10.0.19041.804)

CPU:total 8 (initial active 8) (4 cores per cpu, 2 threads per core) family 6 model 158 stepping 9 microcode 0xb4, cmov, cx8, fxsr, mmx, sse, sse2, sse3, ssse3, sse4.1, sse4.2, popcnt, avx, avx2, aes, clmul, erms, rtm, 3dnowpref, lzcnt, ht, tsc, tscinvbit, bmi1, bmi2, adx, fma

Memory: 4k page, system-wide physical 8128M (3006M free)
TotalPageFile size 14016M (AvailPageFile size 5918M)
current process WorkingSet (physical memory assigned to process): 338M, peak: 345M
current process commit charge ("private bytes"): 384M, peak: 390M

vm_info: Java HotSpot(TM) 64-Bit Server VM (11.0.10+8-LTS-162) for windows-amd64 JRE (11.0.10+8-LTS-162), built on Dec  8 2020 16:32:57 by "mach5one" with MS VC++ 15.9 (VS2017)

END.
